{"total": {"lines":{"total":11311,"covered":4151,"skipped":0,"pct":36.69},"statements":{"total":11608,"covered":4251,"skipped":0,"pct":36.62},"functions":{"total":2659,"covered":889,"skipped":0,"pct":33.43},"branches":{"total":13412,"covered":4445,"skipped":0,"pct":33.14},"branchesTrue":{"total":0,"covered":0,"skipped":0,"pct":100}}
,"C:\\Users\\Jake\\Documents\\MyFSProjects\\Flight Planner App\\src\\main.jsx": {"lines":{"total":1,"covered":0,"skipped":0,"pct":0},"functions":{"total":0,"covered":0,"skipped":0,"pct":100},"statements":{"total":1,"covered":0,"skipped":0,"pct":0},"branches":{"total":0,"covered":0,"skipped":0,"pct":100}}
,"C:\\Users\\Jake\\Documents\\MyFSProjects\\Flight Planner App\\src\\app\\App.jsx": {"lines":{"total":303,"covered":0,"skipped":0,"pct":0},"functions":{"total":78,"covered":0,"skipped":0,"pct":0},"statements":{"total":315,"covered":0,"skipped":0,"pct":0},"branches":{"total":198,"covered":0,"skipped":0,"pct":0}}
,"C:\\Users\\Jake\\Documents\\MyFSProjects\\Flight Planner App\\src\\app\\AppErrorBoundary.jsx": {"lines":{"total":19,"covered":17,"skipped":0,"pct":89.47},"functions":{"total":10,"covered":8,"skipped":0,"pct":80},"statements":{"total":22,"covered":19,"skipped":0,"pct":86.36},"branches":{"total":22,"covered":14,"skipped":0,"pct":63.63}}
,"C:\\Users\\Jake\\Documents\\MyFSProjects\\Flight Planner App\\src\\app\\AppMainWorkspace.jsx": {"lines":{"total":2,"covered":0,"skipped":0,"pct":0},"functions":{"total":1,"covered":0,"skipped":0,"pct":0},"statements":{"total":2,"covered":0,"skipped":0,"pct":0},"branches":{"total":18,"covered":0,"skipped":0,"pct":0}}
,"C:\\Users\\Jake\\Documents\\MyFSProjects\\Flight Planner App\\src\\app\\AppOverlayHost.jsx": {"lines":{"total":48,"covered":15,"skipped":0,"pct":31.25},"functions":{"total":36,"covered":9,"skipped":0,"pct":25},"statements":{"total":50,"covered":17,"skipped":0,"pct":34},"branches":{"total":83,"covered":34,"skipped":0,"pct":40.96}}
,"C:\\Users\\Jake\\Documents\\MyFSProjects\\Flight Planner App\\src\\app\\AppRightColumn.jsx": {"lines":{"total":26,"covered":0,"skipped":0,"pct":0},"functions":{"total":5,"covered":0,"skipped":0,"pct":0},"statements":{"total":27,"covered":0,"skipped":0,"pct":0},"branches":{"total":82,"covered":0,"skipped":0,"pct":0}}
,"C:\\Users\\Jake\\Documents\\MyFSProjects\\Flight Planner App\\src\\app\\AppSettingsContent.jsx": {"lines":{"total":8,"covered":0,"skipped":0,"pct":0},"functions":{"total":3,"covered":0,"skipped":0,"pct":0},"statements":{"total":8,"covered":0,"skipped":0,"pct":0},"branches":{"total":26,"covered":0,"skipped":0,"pct":0}}
,"C:\\Users\\Jake\\Documents\\MyFSProjects\\Flight Planner App\\src\\app\\AppShell.jsx": {"lines":{"total":2,"covered":0,"skipped":0,"pct":0},"functions":{"total":1,"covered":0,"skipped":0,"pct":0},"statements":{"total":2,"covered":0,"skipped":0,"pct":0},"branches":{"total":4,"covered":0,"skipped":0,"pct":0}}
,"C:\\Users\\Jake\\Documents\\MyFSProjects\\Flight Planner App\\src\\app\\AppTopBar.jsx": {"lines":{"total":6,"covered":0,"skipped":0,"pct":0},"functions":{"total":4,"covered":0,"skipped":0,"pct":0},"statements":{"total":6,"covered":0,"skipped":0,"pct":0},"branches":{"total":12,"covered":0,"skipped":0,"pct":0}}
,"C:\\Users\\Jake\\Documents\\MyFSProjects\\Flight Planner App\\src\\app\\appRuntime.js": {"lines":{"total":11,"covered":6,"skipped":0,"pct":54.54},"functions":{"total":3,"covered":1,"skipped":0,"pct":33.33},"statements":{"total":11,"covered":6,"skipped":0,"pct":54.54},"branches":{"total":15,"covered":7,"skipped":0,"pct":46.66}}
,"C:\\Users\\Jake\\Documents\\MyFSProjects\\Flight Planner App\\src\\app\\useAppBootstrap.hooks.js": {"lines":{"total":188,"covered":167,"skipped":0,"pct":88.82},"functions":{"total":33,"covered":26,"skipped":0,"pct":78.78},"statements":{"total":190,"covered":169,"skipped":0,"pct":88.94},"branches":{"total":193,"covered":133,"skipped":0,"pct":68.91}}
,"C:\\Users\\Jake\\Documents\\MyFSProjects\\Flight Planner App\\src\\app\\useAppConfirmations.hooks.js": {"lines":{"total":26,"covered":25,"skipped":0,"pct":96.15},"functions":{"total":10,"covered":9,"skipped":0,"pct":90},"statements":{"total":30,"covered":28,"skipped":0,"pct":93.33},"branches":{"total":4,"covered":2,"skipped":0,"pct":50}}
,"C:\\Users\\Jake\\Documents\\MyFSProjects\\Flight Planner App\\src\\app\\useAppDevTools.hooks.js": {"lines":{"total":116,"covered":69,"skipped":0,"pct":59.48},"functions":{"total":33,"covered":22,"skipped":0,"pct":66.66},"statements":{"total":120,"covered":71,"skipped":0,"pct":59.16},"branches":{"total":56,"covered":27,"skipped":0,"pct":48.21}}
,"C:\\Users\\Jake\\Documents\\MyFSProjects\\Flight Planner App\\src\\app\\useAppLayout.hooks.js": {"lines":{"total":41,"covered":4,"skipped":0,"pct":9.75},"functions":{"total":12,"covered":3,"skipped":0,"pct":25},"statements":{"total":41,"covered":4,"skipped":0,"pct":9.75},"branches":{"total":29,"covered":2,"skipped":0,"pct":6.89}}
,"C:\\Users\\Jake\\Documents\\MyFSProjects\\Flight Planner App\\src\\app\\useAppModals.hooks.js": {"lines":{"total":14,"covered":0,"skipped":0,"pct":0},"functions":{"total":9,"covered":0,"skipped":0,"pct":0},"statements":{"total":15,"covered":0,"skipped":0,"pct":0},"branches":{"total":2,"covered":0,"skipped":0,"pct":0}}
,"C:\\Users\\Jake\\Documents\\MyFSProjects\\Flight Planner App\\src\\app\\useAppSettings.hooks.js": {"lines":{"total":47,"covered":0,"skipped":0,"pct":0},"functions":{"total":8,"covered":0,"skipped":0,"pct":0},"statements":{"total":47,"covered":0,"skipped":0,"pct":0},"branches":{"total":27,"covered":0,"skipped":0,"pct":0}}
,"C:\\Users\\Jake\\Documents\\MyFSProjects\\Flight Planner App\\src\\app\\useAppSettingsPersistence.hooks.js": {"lines":{"total":212,"covered":0,"skipped":0,"pct":0},"functions":{"total":15,"covered":0,"skipped":0,"pct":0},"statements":{"total":219,"covered":0,"skipped":0,"pct":0},"branches":{"total":125,"covered":0,"skipped":0,"pct":0}}
,"C:\\Users\\Jake\\Documents\\MyFSProjects\\Flight Planner App\\src\\app\\useAppUiStatePersistence.hooks.js": {"lines":{"total":29,"covered":0,"skipped":0,"pct":0},"functions":{"total":11,"covered":0,"skipped":0,"pct":0},"statements":{"total":32,"covered":0,"skipped":0,"pct":0},"branches":{"total":39,"covered":0,"skipped":0,"pct":0}}
,"C:\\Users\\Jake\\Documents\\MyFSProjects\\Flight Planner App\\src\\app\\useAppUpdates.hooks.js": {"lines":{"total":66,"covered":0,"skipped":0,"pct":0},"functions":{"total":10,"covered":0,"skipped":0,"pct":0},"statements":{"total":66,"covered":0,"skipped":0,"pct":0},"branches":{"total":43,"covered":0,"skipped":0,"pct":0}}
,"C:\\Users\\Jake\\Documents\\MyFSProjects\\Flight Planner App\\src\\app\\useDebouncedEffect.hooks.js": {"lines":{"total":27,"covered":0,"skipped":0,"pct":0},"functions":{"total":8,"covered":0,"skipped":0,"pct":0},"statements":{"total":27,"covered":0,"skipped":0,"pct":0},"branches":{"total":10,"covered":0,"skipped":0,"pct":0}}
,"C:\\Users\\Jake\\Documents\\MyFSProjects\\Flight Planner App\\src\\app\\useExternalFlightActions.hooks.js": {"lines":{"total":10,"covered":0,"skipped":0,"pct":0},"functions":{"total":2,"covered":0,"skipped":0,"pct":0},"statements":{"total":12,"covered":0,"skipped":0,"pct":0},"branches":{"total":6,"covered":0,"skipped":0,"pct":0}}
,"C:\\Users\\Jake\\Documents\\MyFSProjects\\Flight Planner App\\src\\app\\useFlightActivation.hooks.js": {"lines":{"total":11,"covered":10,"skipped":0,"pct":90.9},"functions":{"total":2,"covered":2,"skipped":0,"pct":100},"statements":{"total":11,"covered":10,"skipped":0,"pct":90.9},"branches":{"total":8,"covered":6,"skipped":0,"pct":75}}
,"C:\\Users\\Jake\\Documents\\MyFSProjects\\Flight Planner App\\src\\app\\useSyncOrchestration.hooks.js": {"lines":{"total":10,"covered":0,"skipped":0,"pct":0},"functions":{"total":3,"covered":0,"skipped":0,"pct":0},"statements":{"total":11,"covered":0,"skipped":0,"pct":0},"branches":{"total":6,"covered":0,"skipped":0,"pct":0}}
,"C:\\Users\\Jake\\Documents\\MyFSProjects\\Flight Planner App\\src\\app\\useUserDataLifecycle.hooks.js": {"lines":{"total":49,"covered":48,"skipped":0,"pct":97.95},"functions":{"total":5,"covered":4,"skipped":0,"pct":80},"statements":{"total":52,"covered":50,"skipped":0,"pct":96.15},"branches":{"total":24,"covered":21,"skipped":0,"pct":87.5}}
,"C:\\Users\\Jake\\Documents\\MyFSProjects\\Flight Planner App\\src\\components\\AccomplishmentsPanel.jsx": {"lines":{"total":16,"covered":0,"skipped":0,"pct":0},"functions":{"total":6,"covered":0,"skipped":0,"pct":0},"statements":{"total":16,"covered":0,"skipped":0,"pct":0},"branches":{"total":40,"covered":0,"skipped":0,"pct":0}}
,"C:\\Users\\Jake\\Documents\\MyFSProjects\\Flight Planner App\\src\\components\\CompletedStatusCard.jsx": {"lines":{"total":6,"covered":0,"skipped":0,"pct":0},"functions":{"total":2,"covered":0,"skipped":0,"pct":0},"statements":{"total":6,"covered":0,"skipped":0,"pct":0},"branches":{"total":16,"covered":0,"skipped":0,"pct":0}}
,"C:\\Users\\Jake\\Documents\\MyFSProjects\\Flight Planner App\\src\\components\\DetailsPanel.jsx": {"lines":{"total":138,"covered":0,"skipped":0,"pct":0},"functions":{"total":31,"covered":0,"skipped":0,"pct":0},"statements":{"total":143,"covered":0,"skipped":0,"pct":0},"branches":{"total":76,"covered":0,"skipped":0,"pct":0}}
,"C:\\Users\\Jake\\Documents\\MyFSProjects\\Flight Planner App\\src\\components\\FilterBar.jsx": {"lines":{"total":11,"covered":0,"skipped":0,"pct":0},"functions":{"total":6,"covered":0,"skipped":0,"pct":0},"statements":{"total":11,"covered":0,"skipped":0,"pct":0},"branches":{"total":33,"covered":0,"skipped":0,"pct":0}}
,"C:\\Users\\Jake\\Documents\\MyFSProjects\\Flight Planner App\\src\\components\\GettingStartedModal.jsx": {"lines":{"total":74,"covered":0,"skipped":0,"pct":0},"functions":{"total":30,"covered":1,"skipped":0,"pct":3.33},"statements":{"total":79,"covered":0,"skipped":0,"pct":0},"branches":{"total":60,"covered":0,"skipped":0,"pct":0}}
,"C:\\Users\\Jake\\Documents\\MyFSProjects\\Flight Planner App\\src\\components\\ReadmeModal.jsx": {"lines":{"total":14,"covered":0,"skipped":0,"pct":0},"functions":{"total":6,"covered":1,"skipped":0,"pct":16.66},"statements":{"total":14,"covered":0,"skipped":0,"pct":0},"branches":{"total":6,"covered":0,"skipped":0,"pct":0}}
,"C:\\Users\\Jake\\Documents\\MyFSProjects\\Flight Planner App\\src\\components\\ScheduleTablePanel.jsx": {"lines":{"total":25,"covered":20,"skipped":0,"pct":80},"functions":{"total":5,"covered":2,"skipped":0,"pct":40},"statements":{"total":25,"covered":20,"skipped":0,"pct":80},"branches":{"total":114,"covered":48,"skipped":0,"pct":42.1}}
,"C:\\Users\\Jake\\Documents\\MyFSProjects\\Flight Planner App\\src\\components\\ScheduleWorkspaceHeader.jsx": {"lines":{"total":8,"covered":0,"skipped":0,"pct":0},"functions":{"total":7,"covered":0,"skipped":0,"pct":0},"statements":{"total":8,"covered":0,"skipped":0,"pct":0},"branches":{"total":20,"covered":0,"skipped":0,"pct":0}}
,"C:\\Users\\Jake\\Documents\\MyFSProjects\\Flight Planner App\\src\\components\\ScheduleWorkspacePanel.jsx": {"lines":{"total":1,"covered":0,"skipped":0,"pct":0},"functions":{"total":1,"covered":0,"skipped":0,"pct":0},"statements":{"total":1,"covered":0,"skipped":0,"pct":0},"branches":{"total":10,"covered":0,"skipped":0,"pct":0}}
,"C:\\Users\\Jake\\Documents\\MyFSProjects\\Flight Planner App\\src\\components\\TourBriefingModal.jsx": {"lines":{"total":108,"covered":0,"skipped":0,"pct":0},"functions":{"total":14,"covered":0,"skipped":0,"pct":0},"statements":{"total":110,"covered":0,"skipped":0,"pct":0},"branches":{"total":77,"covered":0,"skipped":0,"pct":0}}
,"C:\\Users\\Jake\\Documents\\MyFSProjects\\Flight Planner App\\src\\components\\data-table\\DataTable.jsx": {"lines":{"total":93,"covered":5,"skipped":0,"pct":5.37},"functions":{"total":29,"covered":0,"skipped":0,"pct":0},"statements":{"total":100,"covered":5,"skipped":0,"pct":5},"branches":{"total":57,"covered":0,"skipped":0,"pct":0}}
,"C:\\Users\\Jake\\Documents\\MyFSProjects\\Flight Planner App\\src\\components\\data-table\\TableHeader.jsx": {"lines":{"total":20,"covered":0,"skipped":0,"pct":0},"functions":{"total":5,"covered":0,"skipped":0,"pct":0},"statements":{"total":20,"covered":0,"skipped":0,"pct":0},"branches":{"total":41,"covered":0,"skipped":0,"pct":0}}
,"C:\\Users\\Jake\\Documents\\MyFSProjects\\Flight Planner App\\src\\components\\data-table\\TableRow.jsx": {"lines":{"total":36,"covered":22,"skipped":0,"pct":61.11},"functions":{"total":10,"covered":8,"skipped":0,"pct":80},"statements":{"total":36,"covered":22,"skipped":0,"pct":61.11},"branches":{"total":50,"covered":28,"skipped":0,"pct":56}}
,"C:\\Users\\Jake\\Documents\\MyFSProjects\\Flight Planner App\\src\\components\\data-table\\tableCellStyles.js": {"lines":{"total":1,"covered":1,"skipped":0,"pct":100},"functions":{"total":0,"covered":0,"skipped":0,"pct":100},"statements":{"total":1,"covered":1,"skipped":0,"pct":100},"branches":{"total":0,"covered":0,"skipped":0,"pct":100}}
,"C:\\Users\\Jake\\Documents\\MyFSProjects\\Flight Planner App\\src\\components\\data-table\\tableUtils.js": {"lines":{"total":112,"covered":102,"skipped":0,"pct":91.07},"functions":{"total":31,"covered":31,"skipped":0,"pct":100},"statements":{"total":115,"covered":105,"skipped":0,"pct":91.3},"branches":{"total":129,"covered":94,"skipped":0,"pct":72.86}}
,"C:\\Users\\Jake\\Documents\\MyFSProjects\\Flight Planner App\\src\\components\\data-table\\tableWidthPresets.js": {"lines":{"total":3,"covered":3,"skipped":0,"pct":100},"functions":{"total":0,"covered":0,"skipped":0,"pct":100},"statements":{"total":3,"covered":3,"skipped":0,"pct":100},"branches":{"total":0,"covered":0,"skipped":0,"pct":100}}
,"C:\\Users\\Jake\\Documents\\MyFSProjects\\Flight Planner App\\src\\components\\dutySchedule\\DutyScheduleControls.jsx": {"lines":{"total":1,"covered":0,"skipped":0,"pct":0},"functions":{"total":1,"covered":0,"skipped":0,"pct":0},"statements":{"total":1,"covered":0,"skipped":0,"pct":0},"branches":{"total":0,"covered":0,"skipped":0,"pct":100}}
,"C:\\Users\\Jake\\Documents\\MyFSProjects\\Flight Planner App\\src\\components\\dutySchedule\\DutyScheduleFilters.jsx": {"lines":{"total":44,"covered":0,"skipped":0,"pct":0},"functions":{"total":20,"covered":0,"skipped":0,"pct":0},"statements":{"total":44,"covered":0,"skipped":0,"pct":0},"branches":{"total":26,"covered":0,"skipped":0,"pct":0}}
,"C:\\Users\\Jake\\Documents\\MyFSProjects\\Flight Planner App\\src\\components\\dutySchedule\\DutySchedulePanel.jsx": {"lines":{"total":1,"covered":0,"skipped":0,"pct":0},"functions":{"total":1,"covered":0,"skipped":0,"pct":0},"statements":{"total":1,"covered":0,"skipped":0,"pct":0},"branches":{"total":0,"covered":0,"skipped":0,"pct":100}}
,"C:\\Users\\Jake\\Documents\\MyFSProjects\\Flight Planner App\\src\\components\\dutySchedule\\DutyScheduleStatus.jsx": {"lines":{"total":5,"covered":0,"skipped":0,"pct":0},"functions":{"total":3,"covered":0,"skipped":0,"pct":0},"statements":{"total":5,"covered":0,"skipped":0,"pct":0},"branches":{"total":2,"covered":0,"skipped":0,"pct":0}}
,"C:\\Users\\Jake\\Documents\\MyFSProjects\\Flight Planner App\\src\\components\\help\\MarkdownHelpContent.jsx": {"lines":{"total":72,"covered":1,"skipped":0,"pct":1.38},"functions":{"total":30,"covered":0,"skipped":0,"pct":0},"statements":{"total":73,"covered":1,"skipped":0,"pct":1.36},"branches":{"total":84,"covered":8,"skipped":0,"pct":9.52}}
,"C:\\Users\\Jake\\Documents\\MyFSProjects\\Flight Planner App\\src\\components\\layout\\AppFooter.jsx": {"lines":{"total":29,"covered":0,"skipped":0,"pct":0},"functions":{"total":13,"covered":0,"skipped":0,"pct":0},"statements":{"total":29,"covered":0,"skipped":0,"pct":0},"branches":{"total":29,"covered":0,"skipped":0,"pct":0}}
,"C:\\Users\\Jake\\Documents\\MyFSProjects\\Flight Planner App\\src\\components\\layout\\ModalBackdrop.jsx": {"lines":{"total":2,"covered":2,"skipped":0,"pct":100},"functions":{"total":1,"covered":1,"skipped":0,"pct":100},"statements":{"total":2,"covered":2,"skipped":0,"pct":100},"branches":{"total":4,"covered":3,"skipped":0,"pct":75}}
,"C:\\Users\\Jake\\Documents\\MyFSProjects\\Flight Planner App\\src\\components\\map\\FlightMapPanel.jsx": {"lines":{"total":167,"covered":0,"skipped":0,"pct":0},"functions":{"total":35,"covered":0,"skipped":0,"pct":0},"statements":{"total":168,"covered":0,"skipped":0,"pct":0},"branches":{"total":247,"covered":0,"skipped":0,"pct":0}}
,"C:\\Users\\Jake\\Documents\\MyFSProjects\\Flight Planner App\\src\\components\\map\\FlightMapView.jsx": {"lines":{"total":715,"covered":0,"skipped":0,"pct":0},"functions":{"total":94,"covered":0,"skipped":0,"pct":0},"statements":{"total":727,"covered":0,"skipped":0,"pct":0},"branches":{"total":584,"covered":0,"skipped":0,"pct":0}}
,"C:\\Users\\Jake\\Documents\\MyFSProjects\\Flight Planner App\\src\\components\\map\\mapModes.js": {"lines":{"total":4,"covered":4,"skipped":0,"pct":100},"functions":{"total":1,"covered":1,"skipped":0,"pct":100},"statements":{"total":4,"covered":4,"skipped":0,"pct":100},"branches":{"total":2,"covered":2,"skipped":0,"pct":100}}
,"C:\\Users\\Jake\\Documents\\MyFSProjects\\Flight Planner App\\src\\components\\map\\mapOptions.model.js": {"lines":{"total":4,"covered":4,"skipped":0,"pct":100},"functions":{"total":1,"covered":1,"skipped":0,"pct":100},"statements":{"total":4,"covered":4,"skipped":0,"pct":100},"branches":{"total":6,"covered":6,"skipped":0,"pct":100}}
,"C:\\Users\\Jake\\Documents\\MyFSProjects\\Flight Planner App\\src\\components\\map\\mapTheme.js": {"lines":{"total":57,"covered":53,"skipped":0,"pct":92.98},"functions":{"total":9,"covered":9,"skipped":0,"pct":100},"statements":{"total":57,"covered":53,"skipped":0,"pct":92.98},"branches":{"total":77,"covered":63,"skipped":0,"pct":81.81}}
,"C:\\Users\\Jake\\Documents\\MyFSProjects\\Flight Planner App\\src\\components\\settings\\AddonManagementSetup.jsx": {"lines":{"total":20,"covered":0,"skipped":0,"pct":0},"functions":{"total":5,"covered":0,"skipped":0,"pct":0},"statements":{"total":20,"covered":0,"skipped":0,"pct":0},"branches":{"total":32,"covered":0,"skipped":0,"pct":0}}
,"C:\\Users\\Jake\\Documents\\MyFSProjects\\Flight Planner App\\src\\components\\settings\\DeltaVirtualCredentialsForm.jsx": {"lines":{"total":16,"covered":0,"skipped":0,"pct":0},"functions":{"total":5,"covered":0,"skipped":0,"pct":0},"statements":{"total":16,"covered":0,"skipped":0,"pct":0},"branches":{"total":37,"covered":0,"skipped":0,"pct":0}}
,"C:\\Users\\Jake\\Documents\\MyFSProjects\\Flight Planner App\\src\\components\\settings\\SimBriefSettingsForm.jsx": {"lines":{"total":39,"covered":0,"skipped":0,"pct":0},"functions":{"total":18,"covered":0,"skipped":0,"pct":0},"statements":{"total":39,"covered":0,"skipped":0,"pct":0},"branches":{"total":51,"covered":0,"skipped":0,"pct":0}}
,"C:\\Users\\Jake\\Documents\\MyFSProjects\\Flight Planner App\\src\\components\\tables\\FlightsTable.jsx": {"lines":{"total":4,"covered":0,"skipped":0,"pct":0},"functions":{"total":3,"covered":0,"skipped":0,"pct":0},"statements":{"total":4,"covered":0,"skipped":0,"pct":0},"branches":{"total":1,"covered":0,"skipped":0,"pct":0}}
,"C:\\Users\\Jake\\Documents\\MyFSProjects\\Flight Planner App\\src\\components\\tables\\ToursTable.jsx": {"lines":{"total":8,"covered":0,"skipped":0,"pct":0},"functions":{"total":5,"covered":0,"skipped":0,"pct":0},"statements":{"total":8,"covered":0,"skipped":0,"pct":0},"branches":{"total":4,"covered":0,"skipped":0,"pct":0}}
,"C:\\Users\\Jake\\Documents\\MyFSProjects\\Flight Planner App\\src\\components\\tables\\flightTableDefinition.jsx": {"lines":{"total":56,"covered":0,"skipped":0,"pct":0},"functions":{"total":22,"covered":0,"skipped":0,"pct":0},"statements":{"total":56,"covered":0,"skipped":0,"pct":0},"branches":{"total":70,"covered":0,"skipped":0,"pct":0}}
,"C:\\Users\\Jake\\Documents\\MyFSProjects\\Flight Planner App\\src\\components\\tables\\tourTableDefinition.jsx": {"lines":{"total":22,"covered":0,"skipped":0,"pct":0},"functions":{"total":18,"covered":0,"skipped":0,"pct":0},"statements":{"total":22,"covered":0,"skipped":0,"pct":0},"branches":{"total":27,"covered":0,"skipped":0,"pct":0}}
,"C:\\Users\\Jake\\Documents\\MyFSProjects\\Flight Planner App\\src\\components\\ui\\Button.jsx": {"lines":{"total":3,"covered":3,"skipped":0,"pct":100},"functions":{"total":1,"covered":1,"skipped":0,"pct":100},"statements":{"total":3,"covered":3,"skipped":0,"pct":100},"branches":{"total":12,"covered":9,"skipped":0,"pct":75}}
,"C:\\Users\\Jake\\Documents\\MyFSProjects\\Flight Planner App\\src\\components\\ui\\IconButton.jsx": {"lines":{"total":1,"covered":0,"skipped":0,"pct":0},"functions":{"total":1,"covered":0,"skipped":0,"pct":0},"statements":{"total":1,"covered":0,"skipped":0,"pct":0},"branches":{"total":1,"covered":0,"skipped":0,"pct":0}}
,"C:\\Users\\Jake\\Documents\\MyFSProjects\\Flight Planner App\\src\\components\\ui\\Panel.jsx": {"lines":{"total":3,"covered":3,"skipped":0,"pct":100},"functions":{"total":1,"covered":1,"skipped":0,"pct":100},"statements":{"total":3,"covered":3,"skipped":0,"pct":100},"branches":{"total":9,"covered":8,"skipped":0,"pct":88.88}}
,"C:\\Users\\Jake\\Documents\\MyFSProjects\\Flight Planner App\\src\\components\\ui\\SearchableSelect.jsx": {"lines":{"total":176,"covered":96,"skipped":0,"pct":54.54},"functions":{"total":52,"covered":29,"skipped":0,"pct":55.76},"statements":{"total":183,"covered":101,"skipped":0,"pct":55.19},"branches":{"total":282,"covered":149,"skipped":0,"pct":52.83}}
,"C:\\Users\\Jake\\Documents\\MyFSProjects\\Flight Planner App\\src\\components\\ui\\SectionHeader.jsx": {"lines":{"total":2,"covered":2,"skipped":0,"pct":100},"functions":{"total":2,"covered":2,"skipped":0,"pct":100},"statements":{"total":2,"covered":2,"skipped":0,"pct":100},"branches":{"total":12,"covered":9,"skipped":0,"pct":75}}
,"C:\\Users\\Jake\\Documents\\MyFSProjects\\Flight Planner App\\src\\components\\ui\\SpinnerStatusModal.jsx": {"lines":{"total":1,"covered":0,"skipped":0,"pct":0},"functions":{"total":1,"covered":0,"skipped":0,"pct":0},"statements":{"total":1,"covered":0,"skipped":0,"pct":0},"branches":{"total":2,"covered":0,"skipped":0,"pct":0}}
,"C:\\Users\\Jake\\Documents\\MyFSProjects\\Flight Planner App\\src\\components\\ui\\cn.js": {"lines":{"total":1,"covered":1,"skipped":0,"pct":100},"functions":{"total":1,"covered":1,"skipped":0,"pct":100},"statements":{"total":1,"covered":1,"skipped":0,"pct":100},"branches":{"total":0,"covered":0,"skipped":0,"pct":100}}
,"C:\\Users\\Jake\\Documents\\MyFSProjects\\Flight Planner App\\src\\components\\ui\\filterFields.jsx": {"lines":{"total":74,"covered":1,"skipped":0,"pct":1.35},"functions":{"total":24,"covered":0,"skipped":0,"pct":0},"statements":{"total":74,"covered":1,"skipped":0,"pct":1.35},"branches":{"total":77,"covered":0,"skipped":0,"pct":0}}
,"C:\\Users\\Jake\\Documents\\MyFSProjects\\Flight Planner App\\src\\components\\ui\\forms.js": {"lines":{"total":21,"covered":20,"skipped":0,"pct":95.23},"functions":{"total":2,"covered":1,"skipped":0,"pct":50},"statements":{"total":21,"covered":20,"skipped":0,"pct":95.23},"branches":{"total":12,"covered":2,"skipped":0,"pct":16.66}}
,"C:\\Users\\Jake\\Documents\\MyFSProjects\\Flight Planner App\\src\\components\\ui\\patterns.js": {"lines":{"total":13,"covered":13,"skipped":0,"pct":100},"functions":{"total":0,"covered":0,"skipped":0,"pct":100},"statements":{"total":13,"covered":13,"skipped":0,"pct":100},"branches":{"total":0,"covered":0,"skipped":0,"pct":100}}
,"C:\\Users\\Jake\\Documents\\MyFSProjects\\Flight Planner App\\src\\components\\ui\\typography.js": {"lines":{"total":7,"covered":7,"skipped":0,"pct":100},"functions":{"total":0,"covered":0,"skipped":0,"pct":100},"statements":{"total":7,"covered":7,"skipped":0,"pct":100},"branches":{"total":0,"covered":0,"skipped":0,"pct":100}}
,"C:\\Users\\Jake\\Documents\\MyFSProjects\\Flight Planner App\\src\\domain\\aircraft\\aircraftCatalog.js": {"lines":{"total":85,"covered":3,"skipped":0,"pct":3.52},"functions":{"total":19,"covered":0,"skipped":0,"pct":0},"statements":{"total":88,"covered":3,"skipped":0,"pct":3.4},"branches":{"total":91,"covered":0,"skipped":0,"pct":0}}
,"C:\\Users\\Jake\\Documents\\MyFSProjects\\Flight Planner App\\src\\domain\\aircraft\\aircraftGlyphs.js": {"lines":{"total":46,"covered":0,"skipped":0,"pct":0},"functions":{"total":4,"covered":0,"skipped":0,"pct":0},"statements":{"total":46,"covered":0,"skipped":0,"pct":0},"branches":{"total":46,"covered":0,"skipped":0,"pct":0}}
,"C:\\Users\\Jake\\Documents\\MyFSProjects\\Flight Planner App\\src\\domain\\aircraft\\aircraftIdentity.js": {"lines":{"total":153,"covered":103,"skipped":0,"pct":67.32},"functions":{"total":31,"covered":18,"skipped":0,"pct":58.06},"statements":{"total":155,"covered":103,"skipped":0,"pct":66.45},"branches":{"total":173,"covered":88,"skipped":0,"pct":50.86}}
,"C:\\Users\\Jake\\Documents\\MyFSProjects\\Flight Planner App\\src\\domain\\aircraft\\aircraftSelectionOptions.js": {"lines":{"total":31,"covered":1,"skipped":0,"pct":3.22},"functions":{"total":5,"covered":0,"skipped":0,"pct":0},"statements":{"total":32,"covered":1,"skipped":0,"pct":3.12},"branches":{"total":51,"covered":0,"skipped":0,"pct":0}}
,"C:\\Users\\Jake\\Documents\\MyFSProjects\\Flight Planner App\\src\\domain\\aircraft\\equipmentTypes.js": {"lines":{"total":27,"covered":12,"skipped":0,"pct":44.44},"functions":{"total":6,"covered":6,"skipped":0,"pct":100},"statements":{"total":27,"covered":12,"skipped":0,"pct":44.44},"branches":{"total":22,"covered":6,"skipped":0,"pct":27.27}}
,"C:\\Users\\Jake\\Documents\\MyFSProjects\\Flight Planner App\\src\\domain\\airlines\\airlineBranding.js": {"lines":{"total":88,"covered":75,"skipped":0,"pct":85.22},"functions":{"total":9,"covered":8,"skipped":0,"pct":88.88},"statements":{"total":88,"covered":75,"skipped":0,"pct":85.22},"branches":{"total":143,"covered":104,"skipped":0,"pct":72.72}}
,"C:\\Users\\Jake\\Documents\\MyFSProjects\\Flight Planner App\\src\\domain\\airports\\airportCatalog.js": {"lines":{"total":71,"covered":41,"skipped":0,"pct":57.74},"functions":{"total":22,"covered":18,"skipped":0,"pct":81.81},"statements":{"total":72,"covered":42,"skipped":0,"pct":58.33},"branches":{"total":131,"covered":58,"skipped":0,"pct":44.27}}
,"C:\\Users\\Jake\\Documents\\MyFSProjects\\Flight Planner App\\src\\domain\\deltaVirtual\\draftReport.js": {"lines":{"total":71,"covered":62,"skipped":0,"pct":87.32},"functions":{"total":11,"covered":11,"skipped":0,"pct":100},"statements":{"total":71,"covered":62,"skipped":0,"pct":87.32},"branches":{"total":89,"covered":71,"skipped":0,"pct":79.77}}
,"C:\\Users\\Jake\\Documents\\MyFSProjects\\Flight Planner App\\src\\domain\\flights\\flightIdentity.js": {"lines":{"total":14,"covered":13,"skipped":0,"pct":92.85},"functions":{"total":2,"covered":2,"skipped":0,"pct":100},"statements":{"total":14,"covered":13,"skipped":0,"pct":92.85},"branches":{"total":18,"covered":15,"skipped":0,"pct":83.33}}
,"C:\\Users\\Jake\\Documents\\MyFSProjects\\Flight Planner App\\src\\domain\\flights\\simBriefUrls.model.js": {"lines":{"total":2,"covered":2,"skipped":0,"pct":100},"functions":{"total":1,"covered":1,"skipped":0,"pct":100},"statements":{"total":2,"covered":2,"skipped":0,"pct":100},"branches":{"total":4,"covered":3,"skipped":0,"pct":75}}
,"C:\\Users\\Jake\\Documents\\MyFSProjects\\Flight Planner App\\src\\domain\\formatting\\formatters.js": {"lines":{"total":33,"covered":0,"skipped":0,"pct":0},"functions":{"total":8,"covered":0,"skipped":0,"pct":0},"statements":{"total":33,"covered":0,"skipped":0,"pct":0},"branches":{"total":28,"covered":0,"skipped":0,"pct":0}}
,"C:\\Users\\Jake\\Documents\\MyFSProjects\\Flight Planner App\\src\\domain\\geo\\pointInPolygon.js": {"lines":{"total":49,"covered":35,"skipped":0,"pct":71.42},"functions":{"total":7,"covered":6,"skipped":0,"pct":85.71},"statements":{"total":52,"covered":38,"skipped":0,"pct":73.07},"branches":{"total":55,"covered":34,"skipped":0,"pct":61.81}}
,"C:\\Users\\Jake\\Documents\\MyFSProjects\\Flight Planner App\\src\\domain\\logbook\\logbook.model.js": {"lines":{"total":181,"covered":164,"skipped":0,"pct":90.6},"functions":{"total":39,"covered":36,"skipped":0,"pct":92.3},"statements":{"total":181,"covered":164,"skipped":0,"pct":90.6},"branches":{"total":266,"covered":224,"skipped":0,"pct":84.21}}
,"C:\\Users\\Jake\\Documents\\MyFSProjects\\Flight Planner App\\src\\domain\\logbook\\logbookStats.model.js": {"lines":{"total":359,"covered":335,"skipped":0,"pct":93.31},"functions":{"total":80,"covered":80,"skipped":0,"pct":100},"statements":{"total":365,"covered":339,"skipped":0,"pct":92.87},"branches":{"total":473,"covered":404,"skipped":0,"pct":85.41}}
,"C:\\Users\\Jake\\Documents\\MyFSProjects\\Flight Planner App\\src\\domain\\schedule\\scheduleDate.js": {"lines":{"total":36,"covered":27,"skipped":0,"pct":75},"functions":{"total":7,"covered":5,"skipped":0,"pct":71.42},"statements":{"total":36,"covered":27,"skipped":0,"pct":75},"branches":{"total":31,"covered":15,"skipped":0,"pct":48.38}}
,"C:\\Users\\Jake\\Documents\\MyFSProjects\\Flight Planner App\\src\\domain\\time\\clock.js": {"lines":{"total":22,"covered":17,"skipped":0,"pct":77.27},"functions":{"total":3,"covered":3,"skipped":0,"pct":100},"statements":{"total":22,"covered":17,"skipped":0,"pct":77.27},"branches":{"total":33,"covered":22,"skipped":0,"pct":66.66}}
,"C:\\Users\\Jake\\Documents\\MyFSProjects\\Flight Planner App\\src\\domain\\time\\logbookDate.js": {"lines":{"total":26,"covered":25,"skipped":0,"pct":96.15},"functions":{"total":5,"covered":5,"skipped":0,"pct":100},"statements":{"total":31,"covered":28,"skipped":0,"pct":90.32},"branches":{"total":44,"covered":41,"skipped":0,"pct":93.18}}
,"C:\\Users\\Jake\\Documents\\MyFSProjects\\Flight Planner App\\src\\domain\\vatsim\\vatsimBoundaryCatalog.model.js": {"lines":{"total":77,"covered":36,"skipped":0,"pct":46.75},"functions":{"total":15,"covered":7,"skipped":0,"pct":46.66},"statements":{"total":77,"covered":36,"skipped":0,"pct":46.75},"branches":{"total":63,"covered":19,"skipped":0,"pct":30.15}}
,"C:\\Users\\Jake\\Documents\\MyFSProjects\\Flight Planner App\\src\\domain\\vatsim\\vatsimCoverage.js": {"lines":{"total":72,"covered":61,"skipped":0,"pct":84.72},"functions":{"total":16,"covered":14,"skipped":0,"pct":87.5},"statements":{"total":76,"covered":63,"skipped":0,"pct":82.89},"branches":{"total":70,"covered":51,"skipped":0,"pct":72.85}}
,"C:\\Users\\Jake\\Documents\\MyFSProjects\\Flight Planner App\\src\\domain\\vatsim\\vatsimCoverage.model.js": {"lines":{"total":142,"covered":114,"skipped":0,"pct":80.28},"functions":{"total":16,"covered":14,"skipped":0,"pct":87.5},"statements":{"total":142,"covered":114,"skipped":0,"pct":80.28},"branches":{"total":121,"covered":83,"skipped":0,"pct":68.59}}
,"C:\\Users\\Jake\\Documents\\MyFSProjects\\Flight Planner App\\src\\domain\\vatsim\\vatsimRegionalCoverage.model.js": {"lines":{"total":317,"covered":58,"skipped":0,"pct":18.29},"functions":{"total":76,"covered":8,"skipped":0,"pct":10.52},"statements":{"total":328,"covered":58,"skipped":0,"pct":17.68},"branches":{"total":212,"covered":9,"skipped":0,"pct":4.24}}
,"C:\\Users\\Jake\\Documents\\MyFSProjects\\Flight Planner App\\src\\features\\accomplishments\\AccomplishmentSelectorPanel.jsx": {"lines":{"total":17,"covered":0,"skipped":0,"pct":0},"functions":{"total":7,"covered":0,"skipped":0,"pct":0},"statements":{"total":17,"covered":0,"skipped":0,"pct":0},"branches":{"total":43,"covered":0,"skipped":0,"pct":0}}
,"C:\\Users\\Jake\\Documents\\MyFSProjects\\Flight Planner App\\src\\features\\accomplishments\\accomplishments.model.js": {"lines":{"total":60,"covered":47,"skipped":0,"pct":78.33},"functions":{"total":19,"covered":18,"skipped":0,"pct":94.73},"statements":{"total":61,"covered":48,"skipped":0,"pct":78.68},"branches":{"total":121,"covered":87,"skipped":0,"pct":71.9}}
,"C:\\Users\\Jake\\Documents\\MyFSProjects\\Flight Planner App\\src\\features\\addons\\addonScanFormatting.js": {"lines":{"total":19,"covered":0,"skipped":0,"pct":0},"functions":{"total":2,"covered":0,"skipped":0,"pct":0},"statements":{"total":19,"covered":0,"skipped":0,"pct":0},"branches":{"total":18,"covered":0,"skipped":0,"pct":0}}
,"C:\\Users\\Jake\\Documents\\MyFSProjects\\Flight Planner App\\src\\features\\addons\\useAddonAirports.hooks.js": {"lines":{"total":82,"covered":0,"skipped":0,"pct":0},"functions":{"total":11,"covered":0,"skipped":0,"pct":0},"statements":{"total":83,"covered":0,"skipped":0,"pct":0},"branches":{"total":56,"covered":0,"skipped":0,"pct":0}}
,"C:\\Users\\Jake\\Documents\\MyFSProjects\\Flight Planner App\\src\\features\\deltaVirtual\\useDeltaVirtualDraftReport.hooks.js": {"lines":{"total":139,"covered":0,"skipped":0,"pct":0},"functions":{"total":16,"covered":0,"skipped":0,"pct":0},"statements":{"total":140,"covered":0,"skipped":0,"pct":0},"branches":{"total":259,"covered":0,"skipped":0,"pct":0}}
,"C:\\Users\\Jake\\Documents\\MyFSProjects\\Flight Planner App\\src\\features\\deltaVirtual\\useDeltaVirtualSync.hooks.js": {"lines":{"total":163,"covered":137,"skipped":0,"pct":84.04},"functions":{"total":12,"covered":11,"skipped":0,"pct":91.66},"statements":{"total":164,"covered":138,"skipped":0,"pct":84.14},"branches":{"total":116,"covered":68,"skipped":0,"pct":58.62}}
,"C:\\Users\\Jake\\Documents\\MyFSProjects\\Flight Planner App\\src\\features\\details\\AirportInfoTray.jsx": {"lines":{"total":80,"covered":0,"skipped":0,"pct":0},"functions":{"total":19,"covered":0,"skipped":0,"pct":0},"statements":{"total":80,"covered":0,"skipped":0,"pct":0},"branches":{"total":104,"covered":0,"skipped":0,"pct":0}}
,"C:\\Users\\Jake\\Documents\\MyFSProjects\\Flight Planner App\\src\\features\\details\\DetailsFlightBoardCardSummary.jsx": {"lines":{"total":33,"covered":0,"skipped":0,"pct":0},"functions":{"total":9,"covered":0,"skipped":0,"pct":0},"statements":{"total":33,"covered":0,"skipped":0,"pct":0},"branches":{"total":73,"covered":0,"skipped":0,"pct":0}}
,"C:\\Users\\Jake\\Documents\\MyFSProjects\\Flight Planner App\\src\\features\\details\\DetailsFlightBoardHeader.jsx": {"lines":{"total":30,"covered":0,"skipped":0,"pct":0},"functions":{"total":14,"covered":0,"skipped":0,"pct":0},"statements":{"total":30,"covered":0,"skipped":0,"pct":0},"branches":{"total":36,"covered":0,"skipped":0,"pct":0}}
,"C:\\Users\\Jake\\Documents\\MyFSProjects\\Flight Planner App\\src\\features\\details\\DetailsFlightBoardList.jsx": {"lines":{"total":14,"covered":0,"skipped":0,"pct":0},"functions":{"total":6,"covered":0,"skipped":0,"pct":0},"statements":{"total":14,"covered":0,"skipped":0,"pct":0},"branches":{"total":32,"covered":0,"skipped":0,"pct":0}}
,"C:\\Users\\Jake\\Documents\\MyFSProjects\\Flight Planner App\\src\\features\\details\\DetailsFlightBoardRenameModal.jsx": {"lines":{"total":5,"covered":0,"skipped":0,"pct":0},"functions":{"total":3,"covered":0,"skipped":0,"pct":0},"statements":{"total":5,"covered":0,"skipped":0,"pct":0},"branches":{"total":5,"covered":0,"skipped":0,"pct":0}}
,"C:\\Users\\Jake\\Documents\\MyFSProjects\\Flight Planner App\\src\\features\\details\\DetailsFlightBoardRepairPanel.jsx": {"lines":{"total":3,"covered":0,"skipped":0,"pct":0},"functions":{"total":3,"covered":0,"skipped":0,"pct":0},"statements":{"total":3,"covered":0,"skipped":0,"pct":0},"branches":{"total":0,"covered":0,"skipped":0,"pct":100}}
,"C:\\Users\\Jake\\Documents\\MyFSProjects\\Flight Planner App\\src\\features\\details\\DetailsSimBriefInlinePanel.jsx": {"lines":{"total":99,"covered":0,"skipped":0,"pct":0},"functions":{"total":37,"covered":0,"skipped":0,"pct":0},"statements":{"total":99,"covered":0,"skipped":0,"pct":0},"branches":{"total":216,"covered":0,"skipped":0,"pct":0}}
,"C:\\Users\\Jake\\Documents\\MyFSProjects\\Flight Planner App\\src\\features\\dutySchedule\\DutyBuildSetupFilters.jsx": {"lines":{"total":22,"covered":0,"skipped":0,"pct":0},"functions":{"total":20,"covered":0,"skipped":0,"pct":0},"statements":{"total":22,"covered":0,"skipped":0,"pct":0},"branches":{"total":82,"covered":0,"skipped":0,"pct":0}}
,"C:\\Users\\Jake\\Documents\\MyFSProjects\\Flight Planner App\\src\\features\\dutySchedule\\DutyConstraintFilters.jsx": {"lines":{"total":6,"covered":0,"skipped":0,"pct":0},"functions":{"total":6,"covered":0,"skipped":0,"pct":0},"statements":{"total":6,"covered":0,"skipped":0,"pct":0},"branches":{"total":16,"covered":0,"skipped":0,"pct":0}}
,"C:\\Users\\Jake\\Documents\\MyFSProjects\\Flight Planner App\\src\\features\\dutySchedule\\DutyFilterLayout.jsx": {"lines":{"total":6,"covered":0,"skipped":0,"pct":0},"functions":{"total":5,"covered":0,"skipped":0,"pct":0},"statements":{"total":6,"covered":0,"skipped":0,"pct":0},"branches":{"total":7,"covered":0,"skipped":0,"pct":0}}
,"C:\\Users\\Jake\\Documents\\MyFSProjects\\Flight Planner App\\src\\features\\dutySchedule\\DutyHelpIcon.jsx": {"lines":{"total":32,"covered":0,"skipped":0,"pct":0},"functions":{"total":3,"covered":0,"skipped":0,"pct":0},"statements":{"total":32,"covered":0,"skipped":0,"pct":0},"branches":{"total":27,"covered":0,"skipped":0,"pct":0}}
,"C:\\Users\\Jake\\Documents\\MyFSProjects\\Flight Planner App\\src\\features\\dutySchedule\\DutyRuleFilters.jsx": {"lines":{"total":13,"covered":0,"skipped":0,"pct":0},"functions":{"total":13,"covered":0,"skipped":0,"pct":0},"statements":{"total":13,"covered":0,"skipped":0,"pct":0},"branches":{"total":26,"covered":0,"skipped":0,"pct":0}}
,"C:\\Users\\Jake\\Documents\\MyFSProjects\\Flight Planner App\\src\\features\\dutySchedule\\DutyScheduleFilterPanel.jsx": {"lines":{"total":20,"covered":0,"skipped":0,"pct":0},"functions":{"total":7,"covered":0,"skipped":0,"pct":0},"statements":{"total":21,"covered":0,"skipped":0,"pct":0},"branches":{"total":10,"covered":0,"skipped":0,"pct":0}}
,"C:\\Users\\Jake\\Documents\\MyFSProjects\\Flight Planner App\\src\\features\\dutySchedule\\dutyFilterOptions.js": {"lines":{"total":14,"covered":0,"skipped":0,"pct":0},"functions":{"total":1,"covered":0,"skipped":0,"pct":0},"statements":{"total":15,"covered":0,"skipped":0,"pct":0},"branches":{"total":0,"covered":0,"skipped":0,"pct":100}}
,"C:\\Users\\Jake\\Documents\\MyFSProjects\\Flight Planner App\\src\\features\\dutySchedule\\useDutyScheduleBuilder.hooks.js": {"lines":{"total":62,"covered":0,"skipped":0,"pct":0},"functions":{"total":14,"covered":0,"skipped":0,"pct":0},"statements":{"total":63,"covered":0,"skipped":0,"pct":0},"branches":{"total":60,"covered":0,"skipped":0,"pct":0}}
,"C:\\Users\\Jake\\Documents\\MyFSProjects\\Flight Planner App\\src\\features\\flightBoard\\flightBoard.model.js": {"lines":{"total":39,"covered":39,"skipped":0,"pct":100},"functions":{"total":10,"covered":10,"skipped":0,"pct":100},"statements":{"total":39,"covered":39,"skipped":0,"pct":100},"branches":{"total":331,"covered":298,"skipped":0,"pct":90.03}}
,"C:\\Users\\Jake\\Documents\\MyFSProjects\\Flight Planner App\\src\\features\\flightBoard\\useFlightBoards.hooks.js": {"lines":{"total":322,"covered":206,"skipped":0,"pct":63.97},"functions":{"total":93,"covered":71,"skipped":0,"pct":76.34},"statements":{"total":352,"covered":226,"skipped":0,"pct":64.2},"branches":{"total":422,"covered":216,"skipped":0,"pct":51.18}}
,"C:\\Users\\Jake\\Documents\\MyFSProjects\\Flight Planner App\\src\\features\\logbook\\LogbookDetailsCard.jsx": {"lines":{"total":61,"covered":0,"skipped":0,"pct":0},"functions":{"total":13,"covered":0,"skipped":0,"pct":0},"statements":{"total":61,"covered":0,"skipped":0,"pct":0},"branches":{"total":106,"covered":0,"skipped":0,"pct":0}}
,"C:\\Users\\Jake\\Documents\\MyFSProjects\\Flight Planner App\\src\\features\\logbook\\LogbookEquipmentGlyph.jsx": {"lines":{"total":2,"covered":0,"skipped":0,"pct":0},"functions":{"total":1,"covered":0,"skipped":0,"pct":0},"statements":{"total":2,"covered":0,"skipped":0,"pct":0},"branches":{"total":5,"covered":0,"skipped":0,"pct":0}}
,"C:\\Users\\Jake\\Documents\\MyFSProjects\\Flight Planner App\\src\\features\\logbook\\LogbookFiltersPanel.jsx": {"lines":{"total":61,"covered":0,"skipped":0,"pct":0},"functions":{"total":32,"covered":0,"skipped":0,"pct":0},"statements":{"total":62,"covered":0,"skipped":0,"pct":0},"branches":{"total":51,"covered":0,"skipped":0,"pct":0}}
,"C:\\Users\\Jake\\Documents\\MyFSProjects\\Flight Planner App\\src\\features\\logbook\\LogbookFlightDetails.jsx": {"lines":{"total":6,"covered":0,"skipped":0,"pct":0},"functions":{"total":3,"covered":0,"skipped":0,"pct":0},"statements":{"total":6,"covered":0,"skipped":0,"pct":0},"branches":{"total":7,"covered":0,"skipped":0,"pct":0}}
,"C:\\Users\\Jake\\Documents\\MyFSProjects\\Flight Planner App\\src\\features\\logbook\\LogbookFlightsTable.jsx": {"lines":{"total":21,"covered":9,"skipped":0,"pct":42.85},"functions":{"total":16,"covered":3,"skipped":0,"pct":18.75},"statements":{"total":22,"covered":9,"skipped":0,"pct":40.9},"branches":{"total":11,"covered":4,"skipped":0,"pct":36.36}}
,"C:\\Users\\Jake\\Documents\\MyFSProjects\\Flight Planner App\\src\\features\\logbook\\LogbookHeroCard.jsx": {"lines":{"total":31,"covered":0,"skipped":0,"pct":0},"functions":{"total":7,"covered":0,"skipped":0,"pct":0},"statements":{"total":31,"covered":0,"skipped":0,"pct":0},"branches":{"total":54,"covered":0,"skipped":0,"pct":0}}
,"C:\\Users\\Jake\\Documents\\MyFSProjects\\Flight Planner App\\src\\features\\logbook\\LogbookHeroMapBackground.jsx": {"lines":{"total":1,"covered":0,"skipped":0,"pct":0},"functions":{"total":1,"covered":0,"skipped":0,"pct":0},"statements":{"total":1,"covered":0,"skipped":0,"pct":0},"branches":{"total":1,"covered":0,"skipped":0,"pct":0}}
,"C:\\Users\\Jake\\Documents\\MyFSProjects\\Flight Planner App\\src\\features\\logbook\\LogbookPanel.jsx": {"lines":{"total":14,"covered":10,"skipped":0,"pct":71.42},"functions":{"total":6,"covered":2,"skipped":0,"pct":33.33},"statements":{"total":14,"covered":10,"skipped":0,"pct":71.42},"branches":{"total":41,"covered":33,"skipped":0,"pct":80.48}}
,"C:\\Users\\Jake\\Documents\\MyFSProjects\\Flight Planner App\\src\\features\\logbook\\LogbookPilotStats.jsx": {"lines":{"total":112,"covered":0,"skipped":0,"pct":0},"functions":{"total":31,"covered":0,"skipped":0,"pct":0},"statements":{"total":120,"covered":0,"skipped":0,"pct":0},"branches":{"total":77,"covered":0,"skipped":0,"pct":0}}
,"C:\\Users\\Jake\\Documents\\MyFSProjects\\Flight Planner App\\src\\features\\logbook\\LogbookPilotStatsDetailView.jsx": {"lines":{"total":25,"covered":0,"skipped":0,"pct":0},"functions":{"total":10,"covered":0,"skipped":0,"pct":0},"statements":{"total":28,"covered":0,"skipped":0,"pct":0},"branches":{"total":28,"covered":0,"skipped":0,"pct":0}}
,"C:\\Users\\Jake\\Documents\\MyFSProjects\\Flight Planner App\\src\\features\\logbook\\LogbookPilotStatsHero.jsx": {"lines":{"total":86,"covered":0,"skipped":0,"pct":0},"functions":{"total":13,"covered":0,"skipped":0,"pct":0},"statements":{"total":86,"covered":0,"skipped":0,"pct":0},"branches":{"total":124,"covered":0,"skipped":0,"pct":0}}
,"C:\\Users\\Jake\\Documents\\MyFSProjects\\Flight Planner App\\src\\features\\logbook\\LogbookPilotStatsSummaryPanel.jsx": {"lines":{"total":217,"covered":0,"skipped":0,"pct":0},"functions":{"total":46,"covered":0,"skipped":0,"pct":0},"statements":{"total":222,"covered":0,"skipped":0,"pct":0},"branches":{"total":349,"covered":0,"skipped":0,"pct":0}}
,"C:\\Users\\Jake\\Documents\\MyFSProjects\\Flight Planner App\\src\\features\\logbook\\LogbookSummaryTile.jsx": {"lines":{"total":1,"covered":0,"skipped":0,"pct":0},"functions":{"total":1,"covered":0,"skipped":0,"pct":0},"statements":{"total":1,"covered":0,"skipped":0,"pct":0},"branches":{"total":11,"covered":0,"skipped":0,"pct":0}}
,"C:\\Users\\Jake\\Documents\\MyFSProjects\\Flight Planner App\\src\\features\\logbook\\logbook.selectors.js": {"lines":{"total":39,"covered":35,"skipped":0,"pct":89.74},"functions":{"total":24,"covered":24,"skipped":0,"pct":100},"statements":{"total":46,"covered":42,"skipped":0,"pct":91.3},"branches":{"total":35,"covered":18,"skipped":0,"pct":51.42}}
,"C:\\Users\\Jake\\Documents\\MyFSProjects\\Flight Planner App\\src\\features\\logbook\\logbookFilters.model.js": {"lines":{"total":138,"covered":96,"skipped":0,"pct":69.56},"functions":{"total":24,"covered":17,"skipped":0,"pct":70.83},"statements":{"total":145,"covered":101,"skipped":0,"pct":69.65},"branches":{"total":215,"covered":138,"skipped":0,"pct":64.18}}
,"C:\\Users\\Jake\\Documents\\MyFSProjects\\Flight Planner App\\src\\features\\logbook\\logbookLandingGrade.jsx": {"lines":{"total":20,"covered":0,"skipped":0,"pct":0},"functions":{"total":3,"covered":0,"skipped":0,"pct":0},"statements":{"total":20,"covered":0,"skipped":0,"pct":0},"branches":{"total":23,"covered":0,"skipped":0,"pct":0}}
,"C:\\Users\\Jake\\Documents\\MyFSProjects\\Flight Planner App\\src\\features\\logbook\\logbookPilotStats.constants.js": {"lines":{"total":40,"covered":17,"skipped":0,"pct":42.5},"functions":{"total":13,"covered":4,"skipped":0,"pct":30.76},"statements":{"total":42,"covered":19,"skipped":0,"pct":45.23},"branches":{"total":64,"covered":11,"skipped":0,"pct":17.18}}
,"C:\\Users\\Jake\\Documents\\MyFSProjects\\Flight Planner App\\src\\features\\logbook\\logbookPilotStatsDetailTable.columns.jsx": {"lines":{"total":151,"covered":0,"skipped":0,"pct":0},"functions":{"total":105,"covered":0,"skipped":0,"pct":0},"statements":{"total":155,"covered":0,"skipped":0,"pct":0},"branches":{"total":296,"covered":0,"skipped":0,"pct":0}}
,"C:\\Users\\Jake\\Documents\\MyFSProjects\\Flight Planner App\\src\\features\\logbook\\logbookPirepDetailsRequests.js": {"lines":{"total":121,"covered":113,"skipped":0,"pct":93.38},"functions":{"total":26,"covered":24,"skipped":0,"pct":92.3},"statements":{"total":138,"covered":117,"skipped":0,"pct":84.78},"branches":{"total":83,"covered":62,"skipped":0,"pct":74.69}}
,"C:\\Users\\Jake\\Documents\\MyFSProjects\\Flight Planner App\\src\\features\\logbook\\logbookRowStyles.js": {"lines":{"total":6,"covered":0,"skipped":0,"pct":0},"functions":{"total":1,"covered":0,"skipped":0,"pct":0},"statements":{"total":6,"covered":0,"skipped":0,"pct":0},"branches":{"total":8,"covered":0,"skipped":0,"pct":0}}
,"C:\\Users\\Jake\\Documents\\MyFSProjects\\Flight Planner App\\src\\features\\logbook\\useLogbook.hooks.js": {"lines":{"total":105,"covered":97,"skipped":0,"pct":92.38},"functions":{"total":33,"covered":32,"skipped":0,"pct":96.96},"statements":{"total":113,"covered":105,"skipped":0,"pct":92.92},"branches":{"total":93,"covered":75,"skipped":0,"pct":80.64}}
,"C:\\Users\\Jake\\Documents\\MyFSProjects\\Flight Planner App\\src\\features\\logbook\\useLogbookPirepDetails.hooks.js": {"lines":{"total":90,"covered":41,"skipped":0,"pct":45.55},"functions":{"total":21,"covered":11,"skipped":0,"pct":52.38},"statements":{"total":93,"covered":42,"skipped":0,"pct":45.16},"branches":{"total":74,"covered":28,"skipped":0,"pct":37.83}}
,"C:\\Users\\Jake\\Documents\\MyFSProjects\\Flight Planner App\\src\\features\\logbook\\useLogbookWorkspace.hooks.js": {"lines":{"total":19,"covered":0,"skipped":0,"pct":0},"functions":{"total":9,"covered":0,"skipped":0,"pct":0},"statements":{"total":21,"covered":0,"skipped":0,"pct":0},"branches":{"total":8,"covered":0,"skipped":0,"pct":0}}
,"C:\\Users\\Jake\\Documents\\MyFSProjects\\Flight Planner App\\src\\features\\logbook\\useMeasuredPilotStatsPageSize.hooks.js": {"lines":{"total":31,"covered":10,"skipped":0,"pct":32.25},"functions":{"total":12,"covered":2,"skipped":0,"pct":16.66},"statements":{"total":37,"covered":10,"skipped":0,"pct":27.02},"branches":{"total":26,"covered":4,"skipped":0,"pct":15.38}}
,"C:\\Users\\Jake\\Documents\\MyFSProjects\\Flight Planner App\\src\\features\\schedule\\schedule.constants.js": {"lines":{"total":4,"covered":4,"skipped":0,"pct":100},"functions":{"total":0,"covered":0,"skipped":0,"pct":100},"statements":{"total":4,"covered":4,"skipped":0,"pct":100},"branches":{"total":0,"covered":0,"skipped":0,"pct":100}}
,"C:\\Users\\Jake\\Documents\\MyFSProjects\\Flight Planner App\\src\\features\\schedule\\scheduleFilters.model.js": {"lines":{"total":61,"covered":56,"skipped":0,"pct":91.8},"functions":{"total":11,"covered":10,"skipped":0,"pct":90.9},"statements":{"total":61,"covered":56,"skipped":0,"pct":91.8},"branches":{"total":72,"covered":57,"skipped":0,"pct":79.16}}
,"C:\\Users\\Jake\\Documents\\MyFSProjects\\Flight Planner App\\src\\features\\schedule\\scheduleFilters.selectors.js": {"lines":{"total":56,"covered":39,"skipped":0,"pct":69.64},"functions":{"total":7,"covered":5,"skipped":0,"pct":71.42},"statements":{"total":56,"covered":39,"skipped":0,"pct":69.64},"branches":{"total":94,"covered":56,"skipped":0,"pct":59.57}}
,"C:\\Users\\Jake\\Documents\\MyFSProjects\\Flight Planner App\\src\\features\\schedule\\scheduleOptions.selectors.js": {"lines":{"total":7,"covered":0,"skipped":0,"pct":0},"functions":{"total":7,"covered":0,"skipped":0,"pct":0},"statements":{"total":8,"covered":0,"skipped":0,"pct":0},"branches":{"total":2,"covered":0,"skipped":0,"pct":0}}
,"C:\\Users\\Jake\\Documents\\MyFSProjects\\Flight Planner App\\src\\features\\schedule\\scheduleSort.selectors.js": {"lines":{"total":26,"covered":23,"skipped":0,"pct":88.46},"functions":{"total":5,"covered":5,"skipped":0,"pct":100},"statements":{"total":26,"covered":23,"skipped":0,"pct":88.46},"branches":{"total":23,"covered":17,"skipped":0,"pct":73.91}}
,"C:\\Users\\Jake\\Documents\\MyFSProjects\\Flight Planner App\\src\\features\\schedule\\useScheduleImport.hooks.js": {"lines":{"total":90,"covered":0,"skipped":0,"pct":0},"functions":{"total":17,"covered":0,"skipped":0,"pct":0},"statements":{"total":95,"covered":0,"skipped":0,"pct":0},"branches":{"total":136,"covered":0,"skipped":0,"pct":0}}
,"C:\\Users\\Jake\\Documents\\MyFSProjects\\Flight Planner App\\src\\features\\schedule\\filters\\BasicScheduleFilters.jsx": {"lines":{"total":99,"covered":0,"skipped":0,"pct":0},"functions":{"total":59,"covered":0,"skipped":0,"pct":0},"statements":{"total":104,"covered":0,"skipped":0,"pct":0},"branches":{"total":75,"covered":0,"skipped":0,"pct":0}}
,"C:\\Users\\Jake\\Documents\\MyFSProjects\\Flight Planner App\\src\\features\\simbrief\\useSimBriefDispatch.hooks.js": {"lines":{"total":226,"covered":187,"skipped":0,"pct":82.74},"functions":{"total":30,"covered":24,"skipped":0,"pct":80},"statements":{"total":231,"covered":191,"skipped":0,"pct":82.68},"branches":{"total":282,"covered":185,"skipped":0,"pct":65.6}}
,"C:\\Users\\Jake\\Documents\\MyFSProjects\\Flight Planner App\\src\\features\\tours\\TourSelectorPanel.jsx": {"lines":{"total":18,"covered":0,"skipped":0,"pct":0},"functions":{"total":8,"covered":0,"skipped":0,"pct":0},"statements":{"total":18,"covered":0,"skipped":0,"pct":0},"branches":{"total":68,"covered":0,"skipped":0,"pct":0}}
,"C:\\Users\\Jake\\Documents\\MyFSProjects\\Flight Planner App\\src\\features\\tours\\tourCompletion.selectors.js": {"lines":{"total":17,"covered":14,"skipped":0,"pct":82.35},"functions":{"total":4,"covered":4,"skipped":0,"pct":100},"statements":{"total":17,"covered":14,"skipped":0,"pct":82.35},"branches":{"total":26,"covered":14,"skipped":0,"pct":53.84}}
,"C:\\Users\\Jake\\Documents\\MyFSProjects\\Flight Planner App\\src\\features\\tours\\tourIds.model.js": {"lines":{"total":57,"covered":49,"skipped":0,"pct":85.96},"functions":{"total":8,"covered":7,"skipped":0,"pct":87.5},"statements":{"total":57,"covered":49,"skipped":0,"pct":85.96},"branches":{"total":149,"covered":85,"skipped":0,"pct":57.04}}
,"C:\\Users\\Jake\\Documents\\MyFSProjects\\Flight Planner App\\src\\features\\tours\\tourParsing.model.js": {"lines":{"total":13,"covered":13,"skipped":0,"pct":100},"functions":{"total":2,"covered":2,"skipped":0,"pct":100},"statements":{"total":13,"covered":13,"skipped":0,"pct":100},"branches":{"total":18,"covered":16,"skipped":0,"pct":88.88}}
,"C:\\Users\\Jake\\Documents\\MyFSProjects\\Flight Planner App\\src\\features\\tours\\tourProgress.selectors.js": {"lines":{"total":19,"covered":19,"skipped":0,"pct":100},"functions":{"total":3,"covered":3,"skipped":0,"pct":100},"statements":{"total":20,"covered":20,"skipped":0,"pct":100},"branches":{"total":27,"covered":19,"skipped":0,"pct":70.37}}
,"C:\\Users\\Jake\\Documents\\MyFSProjects\\Flight Planner App\\src\\features\\tours\\tourRows.model.js": {"lines":{"total":92,"covered":84,"skipped":0,"pct":91.3},"functions":{"total":7,"covered":7,"skipped":0,"pct":100},"statements":{"total":92,"covered":84,"skipped":0,"pct":91.3},"branches":{"total":293,"covered":226,"skipped":0,"pct":77.13}}
,"C:\\Users\\Jake\\Documents\\MyFSProjects\\Flight Planner App\\src\\features\\tours\\tourVisibility.selectors.js": {"lines":{"total":35,"covered":22,"skipped":0,"pct":62.85},"functions":{"total":4,"covered":4,"skipped":0,"pct":100},"statements":{"total":35,"covered":22,"skipped":0,"pct":62.85},"branches":{"total":64,"covered":42,"skipped":0,"pct":65.62}}
,"C:\\Users\\Jake\\Documents\\MyFSProjects\\Flight Planner App\\src\\features\\tours\\tours.constants.js": {"lines":{"total":1,"covered":1,"skipped":0,"pct":100},"functions":{"total":0,"covered":0,"skipped":0,"pct":100},"statements":{"total":1,"covered":1,"skipped":0,"pct":100},"branches":{"total":0,"covered":0,"skipped":0,"pct":100}}
,"C:\\Users\\Jake\\Documents\\MyFSProjects\\Flight Planner App\\src\\features\\tours\\tours.selectors.js": {"lines":{"total":6,"covered":6,"skipped":0,"pct":100},"functions":{"total":2,"covered":2,"skipped":0,"pct":100},"statements":{"total":6,"covered":6,"skipped":0,"pct":100},"branches":{"total":9,"covered":5,"skipped":0,"pct":55.55}}
,"C:\\Users\\Jake\\Documents\\MyFSProjects\\Flight Planner App\\src\\features\\tours\\useTourSelection.hooks.js": {"lines":{"total":102,"covered":0,"skipped":0,"pct":0},"functions":{"total":41,"covered":0,"skipped":0,"pct":0},"statements":{"total":109,"covered":0,"skipped":0,"pct":0},"branches":{"total":126,"covered":0,"skipped":0,"pct":0}}
,"C:\\Users\\Jake\\Documents\\MyFSProjects\\Flight Planner App\\src\\features\\vatsim\\VatsimAirportPopup.jsx": {"lines":{"total":14,"covered":0,"skipped":0,"pct":0},"functions":{"total":6,"covered":0,"skipped":0,"pct":0},"statements":{"total":14,"covered":0,"skipped":0,"pct":0},"branches":{"total":27,"covered":0,"skipped":0,"pct":0}}
,"C:\\Users\\Jake\\Documents\\MyFSProjects\\Flight Planner App\\src\\features\\vatsim\\VatsimRegionPopup.jsx": {"lines":{"total":71,"covered":0,"skipped":0,"pct":0},"functions":{"total":21,"covered":0,"skipped":0,"pct":0},"statements":{"total":75,"covered":0,"skipped":0,"pct":0},"branches":{"total":86,"covered":0,"skipped":0,"pct":0}}
,"C:\\Users\\Jake\\Documents\\MyFSProjects\\Flight Planner App\\src\\features\\vatsim\\useVatsimCoverage.hooks.js": {"lines":{"total":4,"covered":0,"skipped":0,"pct":0},"functions":{"total":2,"covered":0,"skipped":0,"pct":0},"statements":{"total":4,"covered":0,"skipped":0,"pct":0},"branches":{"total":1,"covered":0,"skipped":0,"pct":0}}
,"C:\\Users\\Jake\\Documents\\MyFSProjects\\Flight Planner App\\src\\features\\vatsim\\useVatsimNetwork.hooks.js": {"lines":{"total":85,"covered":0,"skipped":0,"pct":0},"functions":{"total":14,"covered":0,"skipped":0,"pct":0},"statements":{"total":85,"covered":0,"skipped":0,"pct":0},"branches":{"total":147,"covered":0,"skipped":0,"pct":0}}
,"C:\\Users\\Jake\\Documents\\MyFSProjects\\Flight Planner App\\src\\features\\whatsNew\\WhatsNewModal.jsx": {"lines":{"total":90,"covered":0,"skipped":0,"pct":0},"functions":{"total":20,"covered":0,"skipped":0,"pct":0},"statements":{"total":94,"covered":0,"skipped":0,"pct":0},"branches":{"total":70,"covered":0,"skipped":0,"pct":0}}
,"C:\\Users\\Jake\\Documents\\MyFSProjects\\Flight Planner App\\src\\features\\whatsNew\\useWhatsNew.hooks.js": {"lines":{"total":33,"covered":0,"skipped":0,"pct":0},"functions":{"total":9,"covered":0,"skipped":0,"pct":0},"statements":{"total":34,"covered":0,"skipped":0,"pct":0},"branches":{"total":23,"covered":0,"skipped":0,"pct":0}}
,"C:\\Users\\Jake\\Documents\\MyFSProjects\\Flight Planner App\\src\\features\\whatsNew\\whatsNewContent.js": {"lines":{"total":90,"covered":0,"skipped":0,"pct":0},"functions":{"total":12,"covered":0,"skipped":0,"pct":0},"statements":{"total":92,"covered":0,"skipped":0,"pct":0},"branches":{"total":90,"covered":0,"skipped":0,"pct":0}}
,"C:\\Users\\Jake\\Documents\\MyFSProjects\\Flight Planner App\\src\\logic\\dutySchedule\\buildDutySchedule.js": {"lines":{"total":272,"covered":216,"skipped":0,"pct":79.41},"functions":{"total":29,"covered":28,"skipped":0,"pct":96.55},"statements":{"total":276,"covered":220,"skipped":0,"pct":79.71},"branches":{"total":221,"covered":150,"skipped":0,"pct":67.87}}
,"C:\\Users\\Jake\\Documents\\MyFSProjects\\Flight Planner App\\src\\logic\\dutySchedule\\dutyCandidates.js": {"lines":{"total":75,"covered":51,"skipped":0,"pct":68},"functions":{"total":17,"covered":13,"skipped":0,"pct":76.47},"statements":{"total":78,"covered":53,"skipped":0,"pct":67.94},"branches":{"total":84,"covered":48,"skipped":0,"pct":57.14}}
,"C:\\Users\\Jake\\Documents\\MyFSProjects\\Flight Planner App\\src\\logic\\dutySchedule\\dutyFilters.js": {"lines":{"total":69,"covered":40,"skipped":0,"pct":57.97},"functions":{"total":10,"covered":7,"skipped":0,"pct":70},"statements":{"total":69,"covered":40,"skipped":0,"pct":57.97},"branches":{"total":79,"covered":31,"skipped":0,"pct":39.24}}
,"C:\\Users\\Jake\\Documents\\MyFSProjects\\Flight Planner App\\src\\logic\\dutySchedule\\dutyLocation.js": {"lines":{"total":45,"covered":0,"skipped":0,"pct":0},"functions":{"total":7,"covered":0,"skipped":0,"pct":0},"statements":{"total":45,"covered":0,"skipped":0,"pct":0},"branches":{"total":67,"covered":0,"skipped":0,"pct":0}}
,"C:\\Users\\Jake\\Documents\\MyFSProjects\\Flight Planner App\\src\\logic\\dutySchedule\\dutySchedule.constants.js": {"lines":{"total":1,"covered":1,"skipped":0,"pct":100},"functions":{"total":0,"covered":0,"skipped":0,"pct":100},"statements":{"total":1,"covered":1,"skipped":0,"pct":100},"branches":{"total":0,"covered":0,"skipped":0,"pct":100}}
,"C:\\Users\\Jake\\Documents\\MyFSProjects\\Flight Planner App\\src\\logic\\dutySchedule\\dutyScheduleSummary.js": {"lines":{"total":19,"covered":18,"skipped":0,"pct":94.73},"functions":{"total":3,"covered":3,"skipped":0,"pct":100},"statements":{"total":19,"covered":18,"skipped":0,"pct":94.73},"branches":{"total":21,"covered":17,"skipped":0,"pct":80.95}}
,"C:\\Users\\Jake\\Documents\\MyFSProjects\\Flight Planner App\\src\\logic\\dutySchedule\\generateDutySchedule.js": {"lines":{"total":87,"covered":13,"skipped":0,"pct":14.94},"functions":{"total":10,"covered":1,"skipped":0,"pct":10},"statements":{"total":88,"covered":13,"skipped":0,"pct":14.77},"branches":{"total":133,"covered":19,"skipped":0,"pct":14.28}}
,"C:\\Users\\Jake\\Documents\\MyFSProjects\\Flight Planner App\\src\\services\\logging\\appLog.client.js": {"lines":{"total":91,"covered":3,"skipped":0,"pct":3.29},"functions":{"total":31,"covered":0,"skipped":0,"pct":0},"statements":{"total":95,"covered":3,"skipped":0,"pct":3.15},"branches":{"total":87,"covered":0,"skipped":0,"pct":0}}
,"C:\\Users\\Jake\\Documents\\MyFSProjects\\Flight Planner App\\src\\services\\logging\\globalError.client.js": {"lines":{"total":53,"covered":0,"skipped":0,"pct":0},"functions":{"total":9,"covered":0,"skipped":0,"pct":0},"statements":{"total":53,"covered":0,"skipped":0,"pct":0},"branches":{"total":55,"covered":0,"skipped":0,"pct":0}}
,"C:\\Users\\Jake\\Documents\\MyFSProjects\\Flight Planner App\\src\\services\\storage\\simBriefSettings.storage.js": {"lines":{"total":43,"covered":41,"skipped":0,"pct":95.34},"functions":{"total":8,"covered":6,"skipped":0,"pct":75},"statements":{"total":49,"covered":44,"skipped":0,"pct":89.79},"branches":{"total":24,"covered":20,"skipped":0,"pct":83.33}}
,"C:\\Users\\Jake\\Documents\\MyFSProjects\\Flight Planner App\\src\\services\\storage\\storage.constants.js": {"lines":{"total":8,"covered":8,"skipped":0,"pct":100},"functions":{"total":0,"covered":0,"skipped":0,"pct":100},"statements":{"total":8,"covered":8,"skipped":0,"pct":100},"branches":{"total":0,"covered":0,"skipped":0,"pct":100}}
,"C:\\Users\\Jake\\Documents\\MyFSProjects\\Flight Planner App\\src\\services\\storage\\storage.js": {"lines":{"total":414,"covered":68,"skipped":0,"pct":16.42},"functions":{"total":70,"covered":14,"skipped":0,"pct":20},"statements":{"total":418,"covered":68,"skipped":0,"pct":16.26},"branches":{"total":408,"covered":56,"skipped":0,"pct":13.72}}
,"C:\\Users\\Jake\\Documents\\MyFSProjects\\Flight Planner App\\src\\services\\storage\\uiState.storage.js": {"lines":{"total":57,"covered":54,"skipped":0,"pct":94.73},"functions":{"total":12,"covered":11,"skipped":0,"pct":91.66},"statements":{"total":57,"covered":54,"skipped":0,"pct":94.73},"branches":{"total":26,"covered":24,"skipped":0,"pct":92.3}}
,"C:\\Users\\Jake\\Documents\\MyFSProjects\\Flight Planner App\\src\\services\\tauri\\addonAirportScan.client.js": {"lines":{"total":37,"covered":6,"skipped":0,"pct":16.21},"functions":{"total":8,"covered":3,"skipped":0,"pct":37.5},"statements":{"total":37,"covered":6,"skipped":0,"pct":16.21},"branches":{"total":54,"covered":25,"skipped":0,"pct":46.29}}
,"C:\\Users\\Jake\\Documents\\MyFSProjects\\Flight Planner App\\src\\services\\tauri\\deltaVirtual.client.js": {"lines":{"total":118,"covered":27,"skipped":0,"pct":22.88},"functions":{"total":16,"covered":5,"skipped":0,"pct":31.25},"statements":{"total":118,"covered":27,"skipped":0,"pct":22.88},"branches":{"total":268,"covered":90,"skipped":0,"pct":33.58}}
,"C:\\Users\\Jake\\Documents\\MyFSProjects\\Flight Planner App\\src\\services\\tauri\\deltaVirtualCredentials.client.js": {"lines":{"total":24,"covered":11,"skipped":0,"pct":45.83},"functions":{"total":6,"covered":3,"skipped":0,"pct":50},"statements":{"total":24,"covered":11,"skipped":0,"pct":45.83},"branches":{"total":26,"covered":15,"skipped":0,"pct":57.69}}
,"C:\\Users\\Jake\\Documents\\MyFSProjects\\Flight Planner App\\src\\services\\tauri\\deltaVirtualDraftReport.client.js": {"lines":{"total":61,"covered":35,"skipped":0,"pct":57.37},"functions":{"total":10,"covered":7,"skipped":0,"pct":70},"statements":{"total":61,"covered":35,"skipped":0,"pct":57.37},"branches":{"total":68,"covered":38,"skipped":0,"pct":55.88}}
,"C:\\Users\\Jake\\Documents\\MyFSProjects\\Flight Planner App\\src\\services\\tauri\\desktopShell.client.js": {"lines":{"total":3,"covered":0,"skipped":0,"pct":0},"functions":{"total":3,"covered":0,"skipped":0,"pct":0},"statements":{"total":3,"covered":0,"skipped":0,"pct":0},"branches":{"total":0,"covered":0,"skipped":0,"pct":100}}
,"C:\\Users\\Jake\\Documents\\MyFSProjects\\Flight Planner App\\src\\services\\tauri\\invoke.client.js": {"lines":{"total":64,"covered":51,"skipped":0,"pct":79.68},"functions":{"total":16,"covered":15,"skipped":0,"pct":93.75},"statements":{"total":65,"covered":51,"skipped":0,"pct":78.46},"branches":{"total":72,"covered":52,"skipped":0,"pct":72.22}}
,"C:\\Users\\Jake\\Documents\\MyFSProjects\\Flight Planner App\\src\\services\\tauri\\simbrief.client.js": {"lines":{"total":41,"covered":4,"skipped":0,"pct":9.75},"functions":{"total":9,"covered":2,"skipped":0,"pct":22.22},"statements":{"total":41,"covered":4,"skipped":0,"pct":9.75},"branches":{"total":55,"covered":5,"skipped":0,"pct":9.09}}
,"C:\\Users\\Jake\\Documents\\MyFSProjects\\Flight Planner App\\src\\services\\tauri\\storage.client.js": {"lines":{"total":16,"covered":13,"skipped":0,"pct":81.25},"functions":{"total":8,"covered":5,"skipped":0,"pct":62.5},"statements":{"total":16,"covered":13,"skipped":0,"pct":81.25},"branches":{"total":12,"covered":7,"skipped":0,"pct":58.33}}
,"C:\\Users\\Jake\\Documents\\MyFSProjects\\Flight Planner App\\src\\services\\updates\\updateCheck.client.js": {"lines":{"total":30,"covered":0,"skipped":0,"pct":0},"functions":{"total":5,"covered":0,"skipped":0,"pct":0},"statements":{"total":31,"covered":0,"skipped":0,"pct":0},"branches":{"total":31,"covered":0,"skipped":0,"pct":0}}
,"C:\\Users\\Jake\\Documents\\MyFSProjects\\Flight Planner App\\src\\services\\vatsim\\vatsimNetwork.client.js": {"lines":{"total":5,"covered":5,"skipped":0,"pct":100},"functions":{"total":1,"covered":1,"skipped":0,"pct":100},"statements":{"total":5,"covered":5,"skipped":0,"pct":100},"branches":{"total":3,"covered":3,"skipped":0,"pct":100}}
,"C:\\Users\\Jake\\Documents\\MyFSProjects\\Flight Planner App\\src\\services\\workers\\import.client.js": {"lines":{"total":28,"covered":0,"skipped":0,"pct":0},"functions":{"total":5,"covered":0,"skipped":0,"pct":0},"statements":{"total":28,"covered":0,"skipped":0,"pct":0},"branches":{"total":27,"covered":0,"skipped":0,"pct":0}}
,"C:\\Users\\Jake\\Documents\\MyFSProjects\\Flight Planner App\\src\\services\\workers\\parseSchedule.js": {"lines":{"total":242,"covered":204,"skipped":0,"pct":84.29},"functions":{"total":47,"covered":47,"skipped":0,"pct":100},"statements":{"total":245,"covered":207,"skipped":0,"pct":84.48},"branches":{"total":214,"covered":159,"skipped":0,"pct":74.29}}
,"C:\\Users\\Jake\\Documents\\MyFSProjects\\Flight Planner App\\src\\workers\\importWorker.js": {"lines":{"total":6,"covered":0,"skipped":0,"pct":0},"functions":{"total":2,"covered":0,"skipped":0,"pct":0},"statements":{"total":6,"covered":0,"skipped":0,"pct":0},"branches":{"total":4,"covered":0,"skipped":0,"pct":0}}
}
